2023-03-28 21:20:38,943 [Worker-6: Loading available Gradle versions] INFO  o.e.b.c.i.u.g.PublishedGradleVersions - Gradle version information cache is out-of-date. Trying to update.
2023-03-28 21:31:37,482 [Worker-40: Launching mavenrun-b2693059-668e-48b1-96fa-ba4299591d62] INFO  o.eclipse.m2e.core.internal.Bundles - getClasspathEntries(Bundle=org.eclipse.m2e.maven.runtime_3.8.701.20230209-1606 [271])
2023-03-28 21:31:37,484 [Worker-40: Launching mavenrun-b2693059-668e-48b1-96fa-ba4299591d62] INFO  o.eclipse.m2e.core.internal.Bundles - 	Entry: C:\Users\juanp\.p2\pool\plugins\org.eclipse.m2e.maven.runtime_3.8.701.20230209-1606
2023-03-28 21:31:37,485 [Worker-40: Launching mavenrun-b2693059-668e-48b1-96fa-ba4299591d62] INFO  o.eclipse.m2e.core.internal.Bundles - 	Entry: C:\Users\juanp\.p2\pool\plugins\org.eclipse.m2e.maven.runtime_3.8.701.20230209-1606\jars\aether-connector-okhttp-0.17.8.jar
2023-03-28 21:31:37,485 [Worker-40: Launching mavenrun-b2693059-668e-48b1-96fa-ba4299591d62] INFO  o.eclipse.m2e.core.internal.Bundles - 	Entry: C:\Users\juanp\.p2\pool\plugins\org.eclipse.m2e.maven.runtime_3.8.701.20230209-1606\jars\commons-lang3-3.8.1.jar
2023-03-28 21:31:37,485 [Worker-40: Launching mavenrun-b2693059-668e-48b1-96fa-ba4299591d62] INFO  o.eclipse.m2e.core.internal.Bundles - 	Entry: C:\Users\juanp\.p2\pool\plugins\org.eclipse.m2e.maven.runtime_3.8.701.20230209-1606\jars\guice-4.2.2-no_aop.jar
2023-03-28 21:31:37,485 [Worker-40: Launching mavenrun-b2693059-668e-48b1-96fa-ba4299591d62] INFO  o.eclipse.m2e.core.internal.Bundles - 	Entry: C:\Users\juanp\.p2\pool\plugins\org.eclipse.m2e.maven.runtime_3.8.701.20230209-1606\jars\jansi-2.4.0.jar
2023-03-28 21:31:37,486 [Worker-40: Launching mavenrun-b2693059-668e-48b1-96fa-ba4299591d62] INFO  o.eclipse.m2e.core.internal.Bundles - 	Entry: C:\Users\juanp\.p2\pool\plugins\org.eclipse.m2e.maven.runtime_3.8.701.20230209-1606\jars\maven-artifact-3.8.7.jar
2023-03-28 21:31:37,486 [Worker-40: Launching mavenrun-b2693059-668e-48b1-96fa-ba4299591d62] INFO  o.eclipse.m2e.core.internal.Bundles - 	Entry: C:\Users\juanp\.p2\pool\plugins\org.eclipse.m2e.maven.runtime_3.8.701.20230209-1606\jars\maven-builder-support-3.8.7.jar
2023-03-28 21:31:37,486 [Worker-40: Launching mavenrun-b2693059-668e-48b1-96fa-ba4299591d62] INFO  o.eclipse.m2e.core.internal.Bundles - 	Entry: C:\Users\juanp\.p2\pool\plugins\org.eclipse.m2e.maven.runtime_3.8.701.20230209-1606\jars\maven-compat-3.8.7.jar
2023-03-28 21:31:37,486 [Worker-40: Launching mavenrun-b2693059-668e-48b1-96fa-ba4299591d62] INFO  o.eclipse.m2e.core.internal.Bundles - 	Entry: C:\Users\juanp\.p2\pool\plugins\org.eclipse.m2e.maven.runtime_3.8.701.20230209-1606\jars\maven-core-3.8.7.jar
2023-03-28 21:31:37,486 [Worker-40: Launching mavenrun-b2693059-668e-48b1-96fa-ba4299591d62] INFO  o.eclipse.m2e.core.internal.Bundles - 	Entry: C:\Users\juanp\.p2\pool\plugins\org.eclipse.m2e.maven.runtime_3.8.701.20230209-1606\jars\maven-embedder-3.8.7.jar
2023-03-28 21:31:37,486 [Worker-40: Launching mavenrun-b2693059-668e-48b1-96fa-ba4299591d62] INFO  o.eclipse.m2e.core.internal.Bundles - 	Entry: C:\Users\juanp\.p2\pool\plugins\org.eclipse.m2e.maven.runtime_3.8.701.20230209-1606\jars\maven-model-3.8.7.jar
2023-03-28 21:31:37,487 [Worker-40: Launching mavenrun-b2693059-668e-48b1-96fa-ba4299591d62] INFO  o.eclipse.m2e.core.internal.Bundles - 	Entry: C:\Users\juanp\.p2\pool\plugins\org.eclipse.m2e.maven.runtime_3.8.701.20230209-1606\jars\maven-model-builder-3.8.7.jar
2023-03-28 21:31:37,487 [Worker-40: Launching mavenrun-b2693059-668e-48b1-96fa-ba4299591d62] INFO  o.eclipse.m2e.core.internal.Bundles - 	Entry: C:\Users\juanp\.p2\pool\plugins\org.eclipse.m2e.maven.runtime_3.8.701.20230209-1606\jars\maven-plugin-api-3.8.7.jar
2023-03-28 21:31:37,487 [Worker-40: Launching mavenrun-b2693059-668e-48b1-96fa-ba4299591d62] INFO  o.eclipse.m2e.core.internal.Bundles - 	Entry: C:\Users\juanp\.p2\pool\plugins\org.eclipse.m2e.maven.runtime_3.8.701.20230209-1606\jars\maven-repository-metadata-3.8.7.jar
2023-03-28 21:31:37,487 [Worker-40: Launching mavenrun-b2693059-668e-48b1-96fa-ba4299591d62] INFO  o.eclipse.m2e.core.internal.Bundles - 	Entry: C:\Users\juanp\.p2\pool\plugins\org.eclipse.m2e.maven.runtime_3.8.701.20230209-1606\jars\maven-resolver-api-1.6.3.jar
2023-03-28 21:31:37,488 [Worker-40: Launching mavenrun-b2693059-668e-48b1-96fa-ba4299591d62] INFO  o.eclipse.m2e.core.internal.Bundles - 	Entry: C:\Users\juanp\.p2\pool\plugins\org.eclipse.m2e.maven.runtime_3.8.701.20230209-1606\jars\maven-resolver-connector-basic-1.6.3.jar
2023-03-28 21:31:37,488 [Worker-40: Launching mavenrun-b2693059-668e-48b1-96fa-ba4299591d62] INFO  o.eclipse.m2e.core.internal.Bundles - 	Entry: C:\Users\juanp\.p2\pool\plugins\org.eclipse.m2e.maven.runtime_3.8.701.20230209-1606\jars\maven-resolver-impl-1.6.3.jar
2023-03-28 21:31:37,488 [Worker-40: Launching mavenrun-b2693059-668e-48b1-96fa-ba4299591d62] INFO  o.eclipse.m2e.core.internal.Bundles - 	Entry: C:\Users\juanp\.p2\pool\plugins\org.eclipse.m2e.maven.runtime_3.8.701.20230209-1606\jars\maven-resolver-provider-3.8.7.jar
2023-03-28 21:31:37,488 [Worker-40: Launching mavenrun-b2693059-668e-48b1-96fa-ba4299591d62] INFO  o.eclipse.m2e.core.internal.Bundles - 	Entry: C:\Users\juanp\.p2\pool\plugins\org.eclipse.m2e.maven.runtime_3.8.701.20230209-1606\jars\maven-resolver-spi-1.6.3.jar
2023-03-28 21:31:37,488 [Worker-40: Launching mavenrun-b2693059-668e-48b1-96fa-ba4299591d62] INFO  o.eclipse.m2e.core.internal.Bundles - 	Entry: C:\Users\juanp\.p2\pool\plugins\org.eclipse.m2e.maven.runtime_3.8.701.20230209-1606\jars\maven-resolver-transport-wagon-1.6.3.jar
2023-03-28 21:31:37,488 [Worker-40: Launching mavenrun-b2693059-668e-48b1-96fa-ba4299591d62] INFO  o.eclipse.m2e.core.internal.Bundles - 	Entry: C:\Users\juanp\.p2\pool\plugins\org.eclipse.m2e.maven.runtime_3.8.701.20230209-1606\jars\maven-resolver-util-1.6.3.jar
2023-03-28 21:31:37,489 [Worker-40: Launching mavenrun-b2693059-668e-48b1-96fa-ba4299591d62] INFO  o.eclipse.m2e.core.internal.Bundles - 	Entry: C:\Users\juanp\.p2\pool\plugins\org.eclipse.m2e.maven.runtime_3.8.701.20230209-1606\jars\maven-settings-3.8.7.jar
2023-03-28 21:31:37,489 [Worker-40: Launching mavenrun-b2693059-668e-48b1-96fa-ba4299591d62] INFO  o.eclipse.m2e.core.internal.Bundles - 	Entry: C:\Users\juanp\.p2\pool\plugins\org.eclipse.m2e.maven.runtime_3.8.701.20230209-1606\jars\maven-settings-builder-3.8.7.jar
2023-03-28 21:31:37,489 [Worker-40: Launching mavenrun-b2693059-668e-48b1-96fa-ba4299591d62] INFO  o.eclipse.m2e.core.internal.Bundles - 	Entry: C:\Users\juanp\.p2\pool\plugins\org.eclipse.m2e.maven.runtime_3.8.701.20230209-1606\jars\maven-shared-utils-3.3.4.jar
2023-03-28 21:31:37,489 [Worker-40: Launching mavenrun-b2693059-668e-48b1-96fa-ba4299591d62] INFO  o.eclipse.m2e.core.internal.Bundles - 	Entry: C:\Users\juanp\.p2\pool\plugins\org.eclipse.m2e.maven.runtime_3.8.701.20230209-1606\jars\okhttp-3.14.1.jar
2023-03-28 21:31:37,489 [Worker-40: Launching mavenrun-b2693059-668e-48b1-96fa-ba4299591d62] INFO  o.eclipse.m2e.core.internal.Bundles - 	Entry: C:\Users\juanp\.p2\pool\plugins\org.eclipse.m2e.maven.runtime_3.8.701.20230209-1606\jars\okio-1.17.3.jar
2023-03-28 21:31:37,489 [Worker-40: Launching mavenrun-b2693059-668e-48b1-96fa-ba4299591d62] INFO  o.eclipse.m2e.core.internal.Bundles - 	Entry: C:\Users\juanp\.p2\pool\plugins\org.eclipse.m2e.maven.runtime_3.8.701.20230209-1606\jars\org.eclipse.sisu.inject-0.3.5.jar
2023-03-28 21:31:37,489 [Worker-40: Launching mavenrun-b2693059-668e-48b1-96fa-ba4299591d62] INFO  o.eclipse.m2e.core.internal.Bundles - 	Entry: C:\Users\juanp\.p2\pool\plugins\org.eclipse.m2e.maven.runtime_3.8.701.20230209-1606\jars\org.eclipse.sisu.plexus-0.3.5.jar
2023-03-28 21:31:37,490 [Worker-40: Launching mavenrun-b2693059-668e-48b1-96fa-ba4299591d62] INFO  o.eclipse.m2e.core.internal.Bundles - 	Entry: C:\Users\juanp\.p2\pool\plugins\org.eclipse.m2e.maven.runtime_3.8.701.20230209-1606\jars\plexus-build-api-0.0.7.jar
2023-03-28 21:31:37,490 [Worker-40: Launching mavenrun-b2693059-668e-48b1-96fa-ba4299591d62] INFO  o.eclipse.m2e.core.internal.Bundles - 	Entry: C:\Users\juanp\.p2\pool\plugins\org.eclipse.m2e.maven.runtime_3.8.701.20230209-1606\jars\plexus-cipher-2.0.jar
2023-03-28 21:31:37,490 [Worker-40: Launching mavenrun-b2693059-668e-48b1-96fa-ba4299591d62] INFO  o.eclipse.m2e.core.internal.Bundles - 	Entry: C:\Users\juanp\.p2\pool\plugins\org.eclipse.m2e.maven.runtime_3.8.701.20230209-1606\jars\plexus-classworlds-2.6.0.jar
2023-03-28 21:31:37,490 [Worker-40: Launching mavenrun-b2693059-668e-48b1-96fa-ba4299591d62] INFO  o.eclipse.m2e.core.internal.Bundles - 	Entry: C:\Users\juanp\.p2\pool\plugins\org.eclipse.m2e.maven.runtime_3.8.701.20230209-1606\jars\plexus-component-annotations-2.1.0.jar
2023-03-28 21:31:37,490 [Worker-40: Launching mavenrun-b2693059-668e-48b1-96fa-ba4299591d62] INFO  o.eclipse.m2e.core.internal.Bundles - 	Entry: C:\Users\juanp\.p2\pool\plugins\org.eclipse.m2e.maven.runtime_3.8.701.20230209-1606\jars\plexus-interpolation-1.26.jar
2023-03-28 21:31:37,491 [Worker-40: Launching mavenrun-b2693059-668e-48b1-96fa-ba4299591d62] INFO  o.eclipse.m2e.core.internal.Bundles - 	Entry: C:\Users\juanp\.p2\pool\plugins\org.eclipse.m2e.maven.runtime_3.8.701.20230209-1606\jars\plexus-sec-dispatcher-2.0.jar
2023-03-28 21:31:37,491 [Worker-40: Launching mavenrun-b2693059-668e-48b1-96fa-ba4299591d62] INFO  o.eclipse.m2e.core.internal.Bundles - 	Entry: C:\Users\juanp\.p2\pool\plugins\org.eclipse.m2e.maven.runtime_3.8.701.20230209-1606\jars\plexus-utils-3.3.1.jar
2023-03-28 21:31:37,491 [Worker-40: Launching mavenrun-b2693059-668e-48b1-96fa-ba4299591d62] INFO  o.eclipse.m2e.core.internal.Bundles - 	Entry: C:\Users\juanp\.p2\pool\plugins\org.eclipse.m2e.maven.runtime_3.8.701.20230209-1606\jars\wagon-file-3.5.3.jar
2023-03-28 21:31:37,491 [Worker-40: Launching mavenrun-b2693059-668e-48b1-96fa-ba4299591d62] INFO  o.eclipse.m2e.core.internal.Bundles - 	Entry: C:\Users\juanp\.p2\pool\plugins\org.eclipse.m2e.maven.runtime_3.8.701.20230209-1606\jars\wagon-provider-api-3.5.3.jar
2023-03-28 21:31:37,493 [Worker-40: Launching mavenrun-b2693059-668e-48b1-96fa-ba4299591d62] INFO  o.eclipse.m2e.core.internal.Bundles - getClasspathEntries(Bundle=com.google.guava_31.1.0.jre [9])
2023-03-28 21:31:37,493 [Worker-40: Launching mavenrun-b2693059-668e-48b1-96fa-ba4299591d62] INFO  o.eclipse.m2e.core.internal.Bundles - 	Entry: C:\Users\juanp\.p2\pool\plugins\com.google.guava_31.1.0.jre.jar
2023-03-28 21:31:37,493 [Worker-40: Launching mavenrun-b2693059-668e-48b1-96fa-ba4299591d62] INFO  o.eclipse.m2e.core.internal.Bundles - getClasspathEntries(Bundle=slf4j.api_1.7.36 [439])
2023-03-28 21:31:37,494 [Worker-40: Launching mavenrun-b2693059-668e-48b1-96fa-ba4299591d62] INFO  o.eclipse.m2e.core.internal.Bundles - 	Entry: C:\Users\juanp\.p2\pool\plugins\slf4j.api_1.7.36.jar
2023-03-28 21:31:37,494 [Worker-40: Launching mavenrun-b2693059-668e-48b1-96fa-ba4299591d62] INFO  o.eclipse.m2e.core.internal.Bundles - getClasspathEntries(Bundle=javax.inject_1.0.0.v20220405-0441 [21])
2023-03-28 21:31:37,494 [Worker-40: Launching mavenrun-b2693059-668e-48b1-96fa-ba4299591d62] INFO  o.eclipse.m2e.core.internal.Bundles - 	Entry: C:\Users\juanp\.p2\pool\plugins\javax.inject_1.0.0.v20220405-0441.jar
2023-03-28 21:31:37,494 [Worker-40: Launching mavenrun-b2693059-668e-48b1-96fa-ba4299591d62] INFO  o.eclipse.m2e.core.internal.Bundles - getClasspathEntries(Bundle=javax.annotation_1.3.5.v20221203-1659 [19])
2023-03-28 21:31:37,494 [Worker-40: Launching mavenrun-b2693059-668e-48b1-96fa-ba4299591d62] INFO  o.eclipse.m2e.core.internal.Bundles - 	Entry: C:\Users\juanp\.p2\pool\plugins\javax.annotation_1.3.5.v20221203-1659.jar
2023-03-28 21:31:37,494 [Worker-40: Launching mavenrun-b2693059-668e-48b1-96fa-ba4299591d62] INFO  o.eclipse.m2e.core.internal.Bundles - getClasspathEntries(Bundle=org.apache.commons.cli_1.4.0.v20221112-0806 [41])
2023-03-28 21:31:37,495 [Worker-40: Launching mavenrun-b2693059-668e-48b1-96fa-ba4299591d62] INFO  o.eclipse.m2e.core.internal.Bundles - 	Entry: C:\Users\juanp\.p2\pool\plugins\org.apache.commons.cli_1.4.0.v20221112-0806.jar
2023-03-28 21:31:37,495 [Worker-40: Launching mavenrun-b2693059-668e-48b1-96fa-ba4299591d62] INFO  o.eclipse.m2e.core.internal.Bundles - getClasspathEntries(Bundle=com.google.guava.failureaccess_1.0.1 [11])
2023-03-28 21:31:37,495 [Worker-40: Launching mavenrun-b2693059-668e-48b1-96fa-ba4299591d62] INFO  o.eclipse.m2e.core.internal.Bundles - 	Entry: C:\Users\juanp\.p2\pool\plugins\com.google.guava.failureaccess_1.0.1.jar
2023-03-28 21:31:37,501 [Worker-40: Launching mavenrun-b2693059-668e-48b1-96fa-ba4299591d62] INFO  o.e.m.i.launch.MavenLaunchDelegate - Run build in "C:\Users\juanp\AppData\Local\Temp\m2e-archetypeGenerator14405833706655179683":
2023-03-28 21:31:37,503 [Worker-40: Launching mavenrun-b2693059-668e-48b1-96fa-ba4299591d62] INFO  o.e.m.i.launch.MavenLaunchDelegate -  mvn  -Djavafx-version=13 -Djavafx-maven-plugin-version=0.0.6 -Dadd-debug-configuration=N -DarchetypeGroupId=org.openjfx -DarchetypeArtifactId=javafx-archetype-simple -DarchetypeVersion=0.0.6 -DgroupId=co.edu.uniquindio -DartifactId=carrouq -Dversion=0.0.1-SNAPSHOT -Dpackage=co.edu.uniquindio.carrouq -DoutputDirectory=C:\Users\juanp\OneDrive\Documentos\miCarroUq\workspace -Dstyle.color=always -U archetype:generate
2023-03-28 21:32:26,284 [Worker-3: Creating javafx-archetype-simple] INFO  o.e.m.c.i.p.ProjectConfigurationManager - Collecting project info '/pom.xml' C:\Users\juanp\OneDrive\Documentos\miCarroUq\workspace\carrouq\pom.xml
2023-03-28 21:32:26,747 [Worker-3: Creating javafx-archetype-simple] INFO  o.e.m.c.i.l.LifecycleMappingFactory - Using org.eclipse.m2e.jdt.JarLifecycleMapping lifecycle mapping for MavenProject: co.edu.uniquindio:carrouq:0.0.1-SNAPSHOT @ C:\Users\juanp\OneDrive\Documentos\miCarroUq\workspace\carrouq\pom.xml.
2023-03-28 21:32:27,105 [Worker-3: Creating javafx-archetype-simple] INFO  o.e.m.j.i.AbstractJavaProjectConfigurator - Adding source folder /carrouq/src/main/java
2023-03-28 21:32:27,105 [Worker-3: Creating javafx-archetype-simple] INFO  o.e.m.j.i.AbstractJavaProjectConfigurator - Adding source folder /carrouq/src/test/java
2023-03-28 21:32:27,456 [Worker-3: Creating javafx-archetype-simple] INFO  o.e.m.c.i.p.ProjectConfigurationManager - Imported and configured 1 project(s) in 1 sec
2023-03-28 21:32:27,965 [Worker-42: Building] INFO  o.e.m.c.i.embedder.EclipseLogger - Using 'UTF-8' encoding to copy filtered resources.
2023-03-28 21:32:27,966 [Worker-42: Building] INFO  o.e.m.c.i.embedder.EclipseLogger - skip non existing resourceDirectory C:\Users\juanp\OneDrive\Documentos\miCarroUq\workspace\carrouq\src\main\resources
2023-03-28 21:32:27,968 [Worker-42: Building] INFO  o.e.m.c.i.embedder.EclipseLogger - Using 'UTF-8' encoding to copy filtered resources.
2023-03-28 21:32:27,968 [Worker-42: Building] INFO  o.e.m.c.i.embedder.EclipseLogger - skip non existing resourceDirectory C:\Users\juanp\OneDrive\Documentos\miCarroUq\workspace\carrouq\src\test\resources
2023-03-28 21:33:59,831 [Worker-41: Building] INFO  o.e.m.c.i.embedder.EclipseLogger - Using 'UTF-8' encoding to copy filtered resources.
2023-03-28 21:33:59,831 [Worker-41: Building] INFO  o.e.m.c.i.embedder.EclipseLogger - skip non existing resourceDirectory C:\Users\juanp\OneDrive\Documentos\miCarroUq\workspace\carrouq\src\main\resources
2023-03-28 21:33:59,833 [Worker-41: Building] INFO  o.e.m.c.i.embedder.EclipseLogger - Using 'UTF-8' encoding to copy filtered resources.
2023-03-28 21:33:59,833 [Worker-41: Building] INFO  o.e.m.c.i.embedder.EclipseLogger - skip non existing resourceDirectory C:\Users\juanp\OneDrive\Documentos\miCarroUq\workspace\carrouq\src\test\resources
2023-03-28 21:39:16,654 [Worker-45: Launching carrouq] INFO  o.e.m.i.launch.MavenLaunchDelegate - Run build in "C:\Users\juanp\OneDrive\Documentos\miCarroUq\workspace\carrouq":
2023-03-28 21:39:16,654 [Worker-45: Launching carrouq] INFO  o.e.m.i.launch.MavenLaunchDelegate -  mvn  -B -Dstyle.color=always clean javafx:run
2023-03-28 21:42:04,522 [Worker-41: Building] INFO  o.e.m.c.i.embedder.EclipseLogger - Using 'UTF-8' encoding to copy filtered resources.
2023-03-28 21:42:04,523 [Worker-41: Building] INFO  o.e.m.c.i.embedder.EclipseLogger - skip non existing resourceDirectory C:\Users\juanp\OneDrive\Documentos\miCarroUq\workspace\carrouq\src\main\resources
2023-03-28 21:42:04,524 [Worker-41: Building] INFO  o.e.m.c.i.embedder.EclipseLogger - Using 'UTF-8' encoding to copy filtered resources.
2023-03-28 21:42:04,524 [Worker-41: Building] INFO  o.e.m.c.i.embedder.EclipseLogger - skip non existing resourceDirectory C:\Users\juanp\OneDrive\Documentos\miCarroUq\workspace\carrouq\src\test\resources
2023-03-28 21:43:40,722 [Worker-3: Building] INFO  o.e.m.c.i.embedder.EclipseLogger - Using 'UTF-8' encoding to copy filtered resources.
2023-03-28 21:43:40,722 [Worker-3: Building] INFO  o.e.m.c.i.embedder.EclipseLogger - skip non existing resourceDirectory C:\Users\juanp\OneDrive\Documentos\miCarroUq\workspace\carrouq\src\main\resources
2023-03-28 21:43:40,724 [Worker-3: Building] INFO  o.e.m.c.i.embedder.EclipseLogger - Using 'UTF-8' encoding to copy filtered resources.
2023-03-28 21:43:40,724 [Worker-3: Building] INFO  o.e.m.c.i.embedder.EclipseLogger - skip non existing resourceDirectory C:\Users\juanp\OneDrive\Documentos\miCarroUq\workspace\carrouq\src\test\resources
2023-03-28 21:44:04,796 [Worker-3: Building] INFO  o.e.m.c.i.embedder.EclipseLogger - Using 'UTF-8' encoding to copy filtered resources.
2023-03-28 21:44:04,796 [Worker-3: Building] INFO  o.e.m.c.i.embedder.EclipseLogger - skip non existing resourceDirectory C:\Users\juanp\OneDrive\Documentos\miCarroUq\workspace\carrouq\src\main\resources
2023-03-28 21:44:04,797 [Worker-3: Building] INFO  o.e.m.c.i.embedder.EclipseLogger - Using 'UTF-8' encoding to copy filtered resources.
2023-03-28 21:44:04,797 [Worker-3: Building] INFO  o.e.m.c.i.embedder.EclipseLogger - skip non existing resourceDirectory C:\Users\juanp\OneDrive\Documentos\miCarroUq\workspace\carrouq\src\test\resources
2023-03-28 21:44:38,748 [Worker-47: Building] INFO  o.e.m.c.i.embedder.EclipseLogger - Using 'UTF-8' encoding to copy filtered resources.
2023-03-28 21:44:38,749 [Worker-47: Building] INFO  o.e.m.c.i.embedder.EclipseLogger - skip non existing resourceDirectory C:\Users\juanp\OneDrive\Documentos\miCarroUq\workspace\carrouq\src\main\resources
2023-03-28 21:44:38,750 [Worker-47: Building] INFO  o.e.m.c.i.embedder.EclipseLogger - Using 'UTF-8' encoding to copy filtered resources.
2023-03-28 21:44:38,750 [Worker-47: Building] INFO  o.e.m.c.i.embedder.EclipseLogger - skip non existing resourceDirectory C:\Users\juanp\OneDrive\Documentos\miCarroUq\workspace\carrouq\src\test\resources
2023-03-28 21:44:56,881 [Worker-48: Building] INFO  o.e.m.c.i.embedder.EclipseLogger - Using 'UTF-8' encoding to copy filtered resources.
2023-03-28 21:44:56,881 [Worker-48: Building] INFO  o.e.m.c.i.embedder.EclipseLogger - skip non existing resourceDirectory C:\Users\juanp\OneDrive\Documentos\miCarroUq\workspace\carrouq\src\main\resources
2023-03-28 21:44:56,882 [Worker-48: Building] INFO  o.e.m.c.i.embedder.EclipseLogger - Using 'UTF-8' encoding to copy filtered resources.
2023-03-28 21:44:56,882 [Worker-48: Building] INFO  o.e.m.c.i.embedder.EclipseLogger - skip non existing resourceDirectory C:\Users\juanp\OneDrive\Documentos\miCarroUq\workspace\carrouq\src\test\resources
2023-03-28 21:45:23,034 [Worker-49: Building] INFO  o.e.m.c.i.embedder.EclipseLogger - Using 'UTF-8' encoding to copy filtered resources.
2023-03-28 21:45:23,034 [Worker-49: Building] INFO  o.e.m.c.i.embedder.EclipseLogger - skip non existing resourceDirectory C:\Users\juanp\OneDrive\Documentos\miCarroUq\workspace\carrouq\src\main\resources
2023-03-28 21:45:23,036 [Worker-49: Building] INFO  o.e.m.c.i.embedder.EclipseLogger - Using 'UTF-8' encoding to copy filtered resources.
2023-03-28 21:45:23,036 [Worker-49: Building] INFO  o.e.m.c.i.embedder.EclipseLogger - skip non existing resourceDirectory C:\Users\juanp\OneDrive\Documentos\miCarroUq\workspace\carrouq\src\test\resources
2023-03-28 21:45:35,956 [Worker-49: Building] INFO  o.e.m.c.i.embedder.EclipseLogger - Using 'UTF-8' encoding to copy filtered resources.
2023-03-28 21:45:35,957 [Worker-49: Building] INFO  o.e.m.c.i.embedder.EclipseLogger - skip non existing resourceDirectory C:\Users\juanp\OneDrive\Documentos\miCarroUq\workspace\carrouq\src\main\resources
2023-03-28 21:45:35,958 [Worker-49: Building] INFO  o.e.m.c.i.embedder.EclipseLogger - Using 'UTF-8' encoding to copy filtered resources.
2023-03-28 21:45:35,958 [Worker-49: Building] INFO  o.e.m.c.i.embedder.EclipseLogger - skip non existing resourceDirectory C:\Users\juanp\OneDrive\Documentos\miCarroUq\workspace\carrouq\src\test\resources
2023-03-28 21:46:15,413 [Worker-49: Building] INFO  o.e.m.c.i.embedder.EclipseLogger - Using 'UTF-8' encoding to copy filtered resources.
2023-03-28 21:46:15,414 [Worker-49: Building] INFO  o.e.m.c.i.embedder.EclipseLogger - skip non existing resourceDirectory C:\Users\juanp\OneDrive\Documentos\miCarroUq\workspace\carrouq\src\main\resources
2023-03-28 21:46:15,415 [Worker-49: Building] INFO  o.e.m.c.i.embedder.EclipseLogger - Using 'UTF-8' encoding to copy filtered resources.
2023-03-28 21:46:15,415 [Worker-49: Building] INFO  o.e.m.c.i.embedder.EclipseLogger - skip non existing resourceDirectory C:\Users\juanp\OneDrive\Documentos\miCarroUq\workspace\carrouq\src\test\resources
2023-03-28 21:46:25,455 [Worker-48: Building] INFO  o.e.m.c.i.embedder.EclipseLogger - Using 'UTF-8' encoding to copy filtered resources.
2023-03-28 21:46:25,456 [Worker-48: Building] INFO  o.e.m.c.i.embedder.EclipseLogger - skip non existing resourceDirectory C:\Users\juanp\OneDrive\Documentos\miCarroUq\workspace\carrouq\src\main\resources
2023-03-28 21:46:25,457 [Worker-48: Building] INFO  o.e.m.c.i.embedder.EclipseLogger - Using 'UTF-8' encoding to copy filtered resources.
2023-03-28 21:46:25,457 [Worker-48: Building] INFO  o.e.m.c.i.embedder.EclipseLogger - skip non existing resourceDirectory C:\Users\juanp\OneDrive\Documentos\miCarroUq\workspace\carrouq\src\test\resources
2023-03-28 21:46:50,340 [Worker-44: Building] INFO  o.e.m.c.i.embedder.EclipseLogger - Using 'UTF-8' encoding to copy filtered resources.
2023-03-28 21:46:50,341 [Worker-44: Building] INFO  o.e.m.c.i.embedder.EclipseLogger - skip non existing resourceDirectory C:\Users\juanp\OneDrive\Documentos\miCarroUq\workspace\carrouq\src\main\resources
2023-03-28 21:46:50,342 [Worker-44: Building] INFO  o.e.m.c.i.embedder.EclipseLogger - Using 'UTF-8' encoding to copy filtered resources.
2023-03-28 21:46:50,342 [Worker-44: Building] INFO  o.e.m.c.i.embedder.EclipseLogger - skip non existing resourceDirectory C:\Users\juanp\OneDrive\Documentos\miCarroUq\workspace\carrouq\src\test\resources
2023-03-28 21:47:03,107 [Worker-44: Building] INFO  o.e.m.c.i.embedder.EclipseLogger - Using 'UTF-8' encoding to copy filtered resources.
2023-03-28 21:47:03,107 [Worker-44: Building] INFO  o.e.m.c.i.embedder.EclipseLogger - skip non existing resourceDirectory C:\Users\juanp\OneDrive\Documentos\miCarroUq\workspace\carrouq\src\main\resources
2023-03-28 21:47:03,108 [Worker-44: Building] INFO  o.e.m.c.i.embedder.EclipseLogger - Using 'UTF-8' encoding to copy filtered resources.
2023-03-28 21:47:03,108 [Worker-44: Building] INFO  o.e.m.c.i.embedder.EclipseLogger - skip non existing resourceDirectory C:\Users\juanp\OneDrive\Documentos\miCarroUq\workspace\carrouq\src\test\resources
2023-03-28 21:47:24,817 [Worker-49: Building] INFO  o.e.m.c.i.embedder.EclipseLogger - Using 'UTF-8' encoding to copy filtered resources.
2023-03-28 21:47:24,817 [Worker-49: Building] INFO  o.e.m.c.i.embedder.EclipseLogger - skip non existing resourceDirectory C:\Users\juanp\OneDrive\Documentos\miCarroUq\workspace\carrouq\src\main\resources
2023-03-28 21:47:24,819 [Worker-49: Building] INFO  o.e.m.c.i.embedder.EclipseLogger - Using 'UTF-8' encoding to copy filtered resources.
2023-03-28 21:47:24,819 [Worker-49: Building] INFO  o.e.m.c.i.embedder.EclipseLogger - skip non existing resourceDirectory C:\Users\juanp\OneDrive\Documentos\miCarroUq\workspace\carrouq\src\test\resources
2023-03-28 21:47:36,178 [Worker-3: Building] INFO  o.e.m.c.i.embedder.EclipseLogger - Using 'UTF-8' encoding to copy filtered resources.
2023-03-28 21:47:36,179 [Worker-3: Building] INFO  o.e.m.c.i.embedder.EclipseLogger - skip non existing resourceDirectory C:\Users\juanp\OneDrive\Documentos\miCarroUq\workspace\carrouq\src\main\resources
2023-03-28 21:47:36,180 [Worker-3: Building] INFO  o.e.m.c.i.embedder.EclipseLogger - Using 'UTF-8' encoding to copy filtered resources.
2023-03-28 21:47:36,180 [Worker-3: Building] INFO  o.e.m.c.i.embedder.EclipseLogger - skip non existing resourceDirectory C:\Users\juanp\OneDrive\Documentos\miCarroUq\workspace\carrouq\src\test\resources
2023-03-28 21:48:25,729 [Worker-3: Building] INFO  o.e.m.c.i.embedder.EclipseLogger - Using 'UTF-8' encoding to copy filtered resources.
2023-03-28 21:48:25,730 [Worker-3: Building] INFO  o.e.m.c.i.embedder.EclipseLogger - skip non existing resourceDirectory C:\Users\juanp\OneDrive\Documentos\miCarroUq\workspace\carrouq\src\main\resources
2023-03-28 21:48:25,731 [Worker-3: Building] INFO  o.e.m.c.i.embedder.EclipseLogger - Using 'UTF-8' encoding to copy filtered resources.
2023-03-28 21:48:25,731 [Worker-3: Building] INFO  o.e.m.c.i.embedder.EclipseLogger - skip non existing resourceDirectory C:\Users\juanp\OneDrive\Documentos\miCarroUq\workspace\carrouq\src\test\resources
2023-03-28 21:48:33,659 [Worker-48: Building] INFO  o.e.m.c.i.embedder.EclipseLogger - Using 'UTF-8' encoding to copy filtered resources.
2023-03-28 21:48:33,659 [Worker-48: Building] INFO  o.e.m.c.i.embedder.EclipseLogger - skip non existing resourceDirectory C:\Users\juanp\OneDrive\Documentos\miCarroUq\workspace\carrouq\src\main\resources
2023-03-28 21:48:33,660 [Worker-48: Building] INFO  o.e.m.c.i.embedder.EclipseLogger - Using 'UTF-8' encoding to copy filtered resources.
2023-03-28 21:48:33,660 [Worker-48: Building] INFO  o.e.m.c.i.embedder.EclipseLogger - skip non existing resourceDirectory C:\Users\juanp\OneDrive\Documentos\miCarroUq\workspace\carrouq\src\test\resources
2023-03-28 21:49:07,276 [Worker-44: Building] INFO  o.e.m.c.i.embedder.EclipseLogger - Using 'UTF-8' encoding to copy filtered resources.
2023-03-28 21:49:07,276 [Worker-44: Building] INFO  o.e.m.c.i.embedder.EclipseLogger - skip non existing resourceDirectory C:\Users\juanp\OneDrive\Documentos\miCarroUq\workspace\carrouq\src\main\resources
2023-03-28 21:49:07,277 [Worker-44: Building] INFO  o.e.m.c.i.embedder.EclipseLogger - Using 'UTF-8' encoding to copy filtered resources.
2023-03-28 21:49:07,278 [Worker-44: Building] INFO  o.e.m.c.i.embedder.EclipseLogger - skip non existing resourceDirectory C:\Users\juanp\OneDrive\Documentos\miCarroUq\workspace\carrouq\src\test\resources
2023-03-28 21:49:20,116 [Worker-3: Building] INFO  o.e.m.c.i.embedder.EclipseLogger - Using 'UTF-8' encoding to copy filtered resources.
2023-03-28 21:49:20,116 [Worker-3: Building] INFO  o.e.m.c.i.embedder.EclipseLogger - skip non existing resourceDirectory C:\Users\juanp\OneDrive\Documentos\miCarroUq\workspace\carrouq\src\main\resources
2023-03-28 21:49:20,117 [Worker-3: Building] INFO  o.e.m.c.i.embedder.EclipseLogger - Using 'UTF-8' encoding to copy filtered resources.
2023-03-28 21:49:20,117 [Worker-3: Building] INFO  o.e.m.c.i.embedder.EclipseLogger - skip non existing resourceDirectory C:\Users\juanp\OneDrive\Documentos\miCarroUq\workspace\carrouq\src\test\resources
2023-03-28 21:49:46,646 [Worker-50: Building] INFO  o.e.m.c.i.embedder.EclipseLogger - Using 'UTF-8' encoding to copy filtered resources.
2023-03-28 21:49:46,646 [Worker-50: Building] INFO  o.e.m.c.i.embedder.EclipseLogger - skip non existing resourceDirectory C:\Users\juanp\OneDrive\Documentos\miCarroUq\workspace\carrouq\src\main\resources
2023-03-28 21:49:46,647 [Worker-50: Building] INFO  o.e.m.c.i.embedder.EclipseLogger - Using 'UTF-8' encoding to copy filtered resources.
2023-03-28 21:49:46,648 [Worker-50: Building] INFO  o.e.m.c.i.embedder.EclipseLogger - skip non existing resourceDirectory C:\Users\juanp\OneDrive\Documentos\miCarroUq\workspace\carrouq\src\test\resources
2023-03-28 21:50:00,246 [Worker-50: Building] INFO  o.e.m.c.i.embedder.EclipseLogger - Using 'UTF-8' encoding to copy filtered resources.
2023-03-28 21:50:00,246 [Worker-50: Building] INFO  o.e.m.c.i.embedder.EclipseLogger - skip non existing resourceDirectory C:\Users\juanp\OneDrive\Documentos\miCarroUq\workspace\carrouq\src\main\resources
2023-03-28 21:50:00,247 [Worker-50: Building] INFO  o.e.m.c.i.embedder.EclipseLogger - Using 'UTF-8' encoding to copy filtered resources.
2023-03-28 21:50:00,247 [Worker-50: Building] INFO  o.e.m.c.i.embedder.EclipseLogger - skip non existing resourceDirectory C:\Users\juanp\OneDrive\Documentos\miCarroUq\workspace\carrouq\src\test\resources
2023-03-28 21:50:29,427 [Worker-48: Building] INFO  o.e.m.c.i.embedder.EclipseLogger - Using 'UTF-8' encoding to copy filtered resources.
2023-03-28 21:50:29,427 [Worker-48: Building] INFO  o.e.m.c.i.embedder.EclipseLogger - skip non existing resourceDirectory C:\Users\juanp\OneDrive\Documentos\miCarroUq\workspace\carrouq\src\main\resources
2023-03-28 21:50:29,428 [Worker-48: Building] INFO  o.e.m.c.i.embedder.EclipseLogger - Using 'UTF-8' encoding to copy filtered resources.
2023-03-28 21:50:29,428 [Worker-48: Building] INFO  o.e.m.c.i.embedder.EclipseLogger - skip non existing resourceDirectory C:\Users\juanp\OneDrive\Documentos\miCarroUq\workspace\carrouq\src\test\resources
2023-03-28 21:50:41,793 [Worker-50: Building] INFO  o.e.m.c.i.embedder.EclipseLogger - Using 'UTF-8' encoding to copy filtered resources.
2023-03-28 21:50:41,793 [Worker-50: Building] INFO  o.e.m.c.i.embedder.EclipseLogger - skip non existing resourceDirectory C:\Users\juanp\OneDrive\Documentos\miCarroUq\workspace\carrouq\src\main\resources
2023-03-28 21:50:41,794 [Worker-50: Building] INFO  o.e.m.c.i.embedder.EclipseLogger - Using 'UTF-8' encoding to copy filtered resources.
2023-03-28 21:50:41,794 [Worker-50: Building] INFO  o.e.m.c.i.embedder.EclipseLogger - skip non existing resourceDirectory C:\Users\juanp\OneDrive\Documentos\miCarroUq\workspace\carrouq\src\test\resources
2023-03-28 21:51:17,781 [Worker-49: Building] INFO  o.e.m.c.i.embedder.EclipseLogger - Using 'UTF-8' encoding to copy filtered resources.
2023-03-28 21:51:17,782 [Worker-49: Building] INFO  o.e.m.c.i.embedder.EclipseLogger - skip non existing resourceDirectory C:\Users\juanp\OneDrive\Documentos\miCarroUq\workspace\carrouq\src\main\resources
2023-03-28 21:51:17,783 [Worker-49: Building] INFO  o.e.m.c.i.embedder.EclipseLogger - Using 'UTF-8' encoding to copy filtered resources.
2023-03-28 21:51:17,783 [Worker-49: Building] INFO  o.e.m.c.i.embedder.EclipseLogger - skip non existing resourceDirectory C:\Users\juanp\OneDrive\Documentos\miCarroUq\workspace\carrouq\src\test\resources
2023-03-28 21:51:25,846 [Worker-3: Building] INFO  o.e.m.c.i.embedder.EclipseLogger - Using 'UTF-8' encoding to copy filtered resources.
2023-03-28 21:51:25,847 [Worker-3: Building] INFO  o.e.m.c.i.embedder.EclipseLogger - skip non existing resourceDirectory C:\Users\juanp\OneDrive\Documentos\miCarroUq\workspace\carrouq\src\main\resources
2023-03-28 21:51:25,848 [Worker-3: Building] INFO  o.e.m.c.i.embedder.EclipseLogger - Using 'UTF-8' encoding to copy filtered resources.
2023-03-28 21:51:25,848 [Worker-3: Building] INFO  o.e.m.c.i.embedder.EclipseLogger - skip non existing resourceDirectory C:\Users\juanp\OneDrive\Documentos\miCarroUq\workspace\carrouq\src\test\resources
2023-03-28 21:51:46,061 [Worker-44: Building] INFO  o.e.m.c.i.embedder.EclipseLogger - Using 'UTF-8' encoding to copy filtered resources.
2023-03-28 21:51:46,061 [Worker-44: Building] INFO  o.e.m.c.i.embedder.EclipseLogger - skip non existing resourceDirectory C:\Users\juanp\OneDrive\Documentos\miCarroUq\workspace\carrouq\src\main\resources
2023-03-28 21:51:46,063 [Worker-44: Building] INFO  o.e.m.c.i.embedder.EclipseLogger - Using 'UTF-8' encoding to copy filtered resources.
2023-03-28 21:51:46,063 [Worker-44: Building] INFO  o.e.m.c.i.embedder.EclipseLogger - skip non existing resourceDirectory C:\Users\juanp\OneDrive\Documentos\miCarroUq\workspace\carrouq\src\test\resources
2023-03-28 21:51:57,870 [Worker-44: Building] INFO  o.e.m.c.i.embedder.EclipseLogger - Using 'UTF-8' encoding to copy filtered resources.
2023-03-28 21:51:57,870 [Worker-44: Building] INFO  o.e.m.c.i.embedder.EclipseLogger - skip non existing resourceDirectory C:\Users\juanp\OneDrive\Documentos\miCarroUq\workspace\carrouq\src\main\resources
2023-03-28 21:51:57,871 [Worker-44: Building] INFO  o.e.m.c.i.embedder.EclipseLogger - Using 'UTF-8' encoding to copy filtered resources.
2023-03-28 21:51:57,871 [Worker-44: Building] INFO  o.e.m.c.i.embedder.EclipseLogger - skip non existing resourceDirectory C:\Users\juanp\OneDrive\Documentos\miCarroUq\workspace\carrouq\src\test\resources
2023-03-28 21:53:48,313 [Worker-49: Building] INFO  o.e.m.c.i.embedder.EclipseLogger - Using 'UTF-8' encoding to copy filtered resources.
2023-03-28 21:53:48,313 [Worker-49: Building] INFO  o.e.m.c.i.embedder.EclipseLogger - skip non existing resourceDirectory C:\Users\juanp\OneDrive\Documentos\miCarroUq\workspace\carrouq\src\main\resources
2023-03-28 21:53:48,314 [Worker-49: Building] INFO  o.e.m.c.i.embedder.EclipseLogger - Using 'UTF-8' encoding to copy filtered resources.
2023-03-28 21:53:48,314 [Worker-49: Building] INFO  o.e.m.c.i.embedder.EclipseLogger - skip non existing resourceDirectory C:\Users\juanp\OneDrive\Documentos\miCarroUq\workspace\carrouq\src\test\resources
2023-03-28 21:53:56,121 [Worker-51: Building] INFO  o.e.m.c.i.embedder.EclipseLogger - Using 'UTF-8' encoding to copy filtered resources.
2023-03-28 21:53:56,121 [Worker-51: Building] INFO  o.e.m.c.i.embedder.EclipseLogger - skip non existing resourceDirectory C:\Users\juanp\OneDrive\Documentos\miCarroUq\workspace\carrouq\src\main\resources
2023-03-28 21:53:56,122 [Worker-51: Building] INFO  o.e.m.c.i.embedder.EclipseLogger - Using 'UTF-8' encoding to copy filtered resources.
2023-03-28 21:53:56,122 [Worker-51: Building] INFO  o.e.m.c.i.embedder.EclipseLogger - skip non existing resourceDirectory C:\Users\juanp\OneDrive\Documentos\miCarroUq\workspace\carrouq\src\test\resources
2023-03-28 21:56:08,570 [Worker-52: Building] INFO  o.e.m.c.i.embedder.EclipseLogger - Using 'UTF-8' encoding to copy filtered resources.
2023-03-28 21:56:08,570 [Worker-52: Building] INFO  o.e.m.c.i.embedder.EclipseLogger - skip non existing resourceDirectory C:\Users\juanp\OneDrive\Documentos\miCarroUq\workspace\carrouq\src\main\resources
2023-03-28 21:56:08,571 [Worker-52: Building] INFO  o.e.m.c.i.embedder.EclipseLogger - Using 'UTF-8' encoding to copy filtered resources.
2023-03-28 21:56:08,572 [Worker-52: Building] INFO  o.e.m.c.i.embedder.EclipseLogger - skip non existing resourceDirectory C:\Users\juanp\OneDrive\Documentos\miCarroUq\workspace\carrouq\src\test\resources
2023-03-28 21:56:17,113 [Worker-53: Building] INFO  o.e.m.c.i.embedder.EclipseLogger - Using 'UTF-8' encoding to copy filtered resources.
2023-03-28 21:56:17,113 [Worker-53: Building] INFO  o.e.m.c.i.embedder.EclipseLogger - skip non existing resourceDirectory C:\Users\juanp\OneDrive\Documentos\miCarroUq\workspace\carrouq\src\main\resources
2023-03-28 21:56:17,114 [Worker-53: Building] INFO  o.e.m.c.i.embedder.EclipseLogger - Using 'UTF-8' encoding to copy filtered resources.
2023-03-28 21:56:17,114 [Worker-53: Building] INFO  o.e.m.c.i.embedder.EclipseLogger - skip non existing resourceDirectory C:\Users\juanp\OneDrive\Documentos\miCarroUq\workspace\carrouq\src\test\resources
2023-03-28 21:56:47,026 [Worker-51: Building] INFO  o.e.m.c.i.embedder.EclipseLogger - Using 'UTF-8' encoding to copy filtered resources.
2023-03-28 21:56:47,026 [Worker-51: Building] INFO  o.e.m.c.i.embedder.EclipseLogger - skip non existing resourceDirectory C:\Users\juanp\OneDrive\Documentos\miCarroUq\workspace\carrouq\src\main\resources
2023-03-28 21:56:47,027 [Worker-51: Building] INFO  o.e.m.c.i.embedder.EclipseLogger - Using 'UTF-8' encoding to copy filtered resources.
2023-03-28 21:56:47,028 [Worker-51: Building] INFO  o.e.m.c.i.embedder.EclipseLogger - skip non existing resourceDirectory C:\Users\juanp\OneDrive\Documentos\miCarroUq\workspace\carrouq\src\test\resources
2023-03-28 21:56:56,262 [Worker-48: Building] INFO  o.e.m.c.i.embedder.EclipseLogger - Using 'UTF-8' encoding to copy filtered resources.
2023-03-28 21:56:56,263 [Worker-48: Building] INFO  o.e.m.c.i.embedder.EclipseLogger - skip non existing resourceDirectory C:\Users\juanp\OneDrive\Documentos\miCarroUq\workspace\carrouq\src\main\resources
2023-03-28 21:56:56,264 [Worker-48: Building] INFO  o.e.m.c.i.embedder.EclipseLogger - Using 'UTF-8' encoding to copy filtered resources.
2023-03-28 21:56:56,264 [Worker-48: Building] INFO  o.e.m.c.i.embedder.EclipseLogger - skip non existing resourceDirectory C:\Users\juanp\OneDrive\Documentos\miCarroUq\workspace\carrouq\src\test\resources
2023-03-28 21:57:21,074 [Worker-54: Building] INFO  o.e.m.c.i.embedder.EclipseLogger - Using 'UTF-8' encoding to copy filtered resources.
2023-03-28 21:57:21,074 [Worker-54: Building] INFO  o.e.m.c.i.embedder.EclipseLogger - skip non existing resourceDirectory C:\Users\juanp\OneDrive\Documentos\miCarroUq\workspace\carrouq\src\main\resources
2023-03-28 21:57:21,076 [Worker-54: Building] INFO  o.e.m.c.i.embedder.EclipseLogger - Using 'UTF-8' encoding to copy filtered resources.
2023-03-28 21:57:21,076 [Worker-54: Building] INFO  o.e.m.c.i.embedder.EclipseLogger - skip non existing resourceDirectory C:\Users\juanp\OneDrive\Documentos\miCarroUq\workspace\carrouq\src\test\resources
2023-03-28 21:57:30,970 [Worker-52: Building] INFO  o.e.m.c.i.embedder.EclipseLogger - Using 'UTF-8' encoding to copy filtered resources.
2023-03-28 21:57:30,970 [Worker-52: Building] INFO  o.e.m.c.i.embedder.EclipseLogger - skip non existing resourceDirectory C:\Users\juanp\OneDrive\Documentos\miCarroUq\workspace\carrouq\src\main\resources
2023-03-28 21:57:30,971 [Worker-52: Building] INFO  o.e.m.c.i.embedder.EclipseLogger - Using 'UTF-8' encoding to copy filtered resources.
2023-03-28 21:57:30,971 [Worker-52: Building] INFO  o.e.m.c.i.embedder.EclipseLogger - skip non existing resourceDirectory C:\Users\juanp\OneDrive\Documentos\miCarroUq\workspace\carrouq\src\test\resources
2023-03-28 21:57:57,688 [Worker-53: Building] INFO  o.e.m.c.i.embedder.EclipseLogger - Using 'UTF-8' encoding to copy filtered resources.
2023-03-28 21:57:57,688 [Worker-53: Building] INFO  o.e.m.c.i.embedder.EclipseLogger - skip non existing resourceDirectory C:\Users\juanp\OneDrive\Documentos\miCarroUq\workspace\carrouq\src\main\resources
2023-03-28 21:57:57,689 [Worker-53: Building] INFO  o.e.m.c.i.embedder.EclipseLogger - Using 'UTF-8' encoding to copy filtered resources.
2023-03-28 21:57:57,689 [Worker-53: Building] INFO  o.e.m.c.i.embedder.EclipseLogger - skip non existing resourceDirectory C:\Users\juanp\OneDrive\Documentos\miCarroUq\workspace\carrouq\src\test\resources
2023-03-28 21:58:07,827 [Worker-53: Building] INFO  o.e.m.c.i.embedder.EclipseLogger - Using 'UTF-8' encoding to copy filtered resources.
2023-03-28 21:58:07,827 [Worker-53: Building] INFO  o.e.m.c.i.embedder.EclipseLogger - skip non existing resourceDirectory C:\Users\juanp\OneDrive\Documentos\miCarroUq\workspace\carrouq\src\main\resources
2023-03-28 21:58:07,828 [Worker-53: Building] INFO  o.e.m.c.i.embedder.EclipseLogger - Using 'UTF-8' encoding to copy filtered resources.
2023-03-28 21:58:07,828 [Worker-53: Building] INFO  o.e.m.c.i.embedder.EclipseLogger - skip non existing resourceDirectory C:\Users\juanp\OneDrive\Documentos\miCarroUq\workspace\carrouq\src\test\resources
2023-03-28 21:58:36,009 [Worker-48: Building] INFO  o.e.m.c.i.embedder.EclipseLogger - Using 'UTF-8' encoding to copy filtered resources.
2023-03-28 21:58:36,010 [Worker-48: Building] INFO  o.e.m.c.i.embedder.EclipseLogger - skip non existing resourceDirectory C:\Users\juanp\OneDrive\Documentos\miCarroUq\workspace\carrouq\src\main\resources
2023-03-28 21:58:36,011 [Worker-48: Building] INFO  o.e.m.c.i.embedder.EclipseLogger - Using 'UTF-8' encoding to copy filtered resources.
2023-03-28 21:58:36,011 [Worker-48: Building] INFO  o.e.m.c.i.embedder.EclipseLogger - skip non existing resourceDirectory C:\Users\juanp\OneDrive\Documentos\miCarroUq\workspace\carrouq\src\test\resources
2023-03-28 21:59:08,022 [Worker-53: Building] INFO  o.e.m.c.i.embedder.EclipseLogger - Using 'UTF-8' encoding to copy filtered resources.
2023-03-28 21:59:08,022 [Worker-53: Building] INFO  o.e.m.c.i.embedder.EclipseLogger - skip non existing resourceDirectory C:\Users\juanp\OneDrive\Documentos\miCarroUq\workspace\carrouq\src\main\resources
2023-03-28 21:59:08,023 [Worker-53: Building] INFO  o.e.m.c.i.embedder.EclipseLogger - Using 'UTF-8' encoding to copy filtered resources.
2023-03-28 21:59:08,023 [Worker-53: Building] INFO  o.e.m.c.i.embedder.EclipseLogger - skip non existing resourceDirectory C:\Users\juanp\OneDrive\Documentos\miCarroUq\workspace\carrouq\src\test\resources
2023-03-28 21:59:25,147 [Worker-48: Building] INFO  o.e.m.c.i.embedder.EclipseLogger - Using 'UTF-8' encoding to copy filtered resources.
2023-03-28 21:59:25,147 [Worker-48: Building] INFO  o.e.m.c.i.embedder.EclipseLogger - skip non existing resourceDirectory C:\Users\juanp\OneDrive\Documentos\miCarroUq\workspace\carrouq\src\main\resources
2023-03-28 21:59:25,148 [Worker-48: Building] INFO  o.e.m.c.i.embedder.EclipseLogger - Using 'UTF-8' encoding to copy filtered resources.
2023-03-28 21:59:25,148 [Worker-48: Building] INFO  o.e.m.c.i.embedder.EclipseLogger - skip non existing resourceDirectory C:\Users\juanp\OneDrive\Documentos\miCarroUq\workspace\carrouq\src\test\resources
2023-03-28 22:00:26,438 [Worker-48: Building] INFO  o.e.m.c.i.embedder.EclipseLogger - Using 'UTF-8' encoding to copy filtered resources.
2023-03-28 22:00:26,439 [Worker-48: Building] INFO  o.e.m.c.i.embedder.EclipseLogger - skip non existing resourceDirectory C:\Users\juanp\OneDrive\Documentos\miCarroUq\workspace\carrouq\src\main\resources
2023-03-28 22:00:26,440 [Worker-48: Building] INFO  o.e.m.c.i.embedder.EclipseLogger - Using 'UTF-8' encoding to copy filtered resources.
2023-03-28 22:00:26,440 [Worker-48: Building] INFO  o.e.m.c.i.embedder.EclipseLogger - skip non existing resourceDirectory C:\Users\juanp\OneDrive\Documentos\miCarroUq\workspace\carrouq\src\test\resources
2023-03-28 22:00:34,811 [Worker-48: Building] INFO  o.e.m.c.i.embedder.EclipseLogger - Using 'UTF-8' encoding to copy filtered resources.
2023-03-28 22:00:34,812 [Worker-48: Building] INFO  o.e.m.c.i.embedder.EclipseLogger - skip non existing resourceDirectory C:\Users\juanp\OneDrive\Documentos\miCarroUq\workspace\carrouq\src\main\resources
2023-03-28 22:00:34,813 [Worker-48: Building] INFO  o.e.m.c.i.embedder.EclipseLogger - Using 'UTF-8' encoding to copy filtered resources.
2023-03-28 22:00:34,813 [Worker-48: Building] INFO  o.e.m.c.i.embedder.EclipseLogger - skip non existing resourceDirectory C:\Users\juanp\OneDrive\Documentos\miCarroUq\workspace\carrouq\src\test\resources
2023-03-28 22:00:38,917 [Worker-55: Building] INFO  o.e.m.c.i.embedder.EclipseLogger - Using 'UTF-8' encoding to copy filtered resources.
2023-03-28 22:00:38,917 [Worker-55: Building] INFO  o.e.m.c.i.embedder.EclipseLogger - skip non existing resourceDirectory C:\Users\juanp\OneDrive\Documentos\miCarroUq\workspace\carrouq\src\main\resources
2023-03-28 22:00:38,918 [Worker-55: Building] INFO  o.e.m.c.i.embedder.EclipseLogger - Using 'UTF-8' encoding to copy filtered resources.
2023-03-28 22:00:38,918 [Worker-55: Building] INFO  o.e.m.c.i.embedder.EclipseLogger - skip non existing resourceDirectory C:\Users\juanp\OneDrive\Documentos\miCarroUq\workspace\carrouq\src\test\resources
2023-03-28 22:01:11,394 [Worker-55: Building] INFO  o.e.m.c.i.embedder.EclipseLogger - Using 'UTF-8' encoding to copy filtered resources.
2023-03-28 22:01:11,395 [Worker-55: Building] INFO  o.e.m.c.i.embedder.EclipseLogger - skip non existing resourceDirectory C:\Users\juanp\OneDrive\Documentos\miCarroUq\workspace\carrouq\src\main\resources
2023-03-28 22:01:11,396 [Worker-55: Building] INFO  o.e.m.c.i.embedder.EclipseLogger - Using 'UTF-8' encoding to copy filtered resources.
2023-03-28 22:01:11,396 [Worker-55: Building] INFO  o.e.m.c.i.embedder.EclipseLogger - skip non existing resourceDirectory C:\Users\juanp\OneDrive\Documentos\miCarroUq\workspace\carrouq\src\test\resources
2023-03-28 22:01:21,856 [Worker-48: Building] INFO  o.e.m.c.i.embedder.EclipseLogger - Using 'UTF-8' encoding to copy filtered resources.
2023-03-28 22:01:21,857 [Worker-48: Building] INFO  o.e.m.c.i.embedder.EclipseLogger - skip non existing resourceDirectory C:\Users\juanp\OneDrive\Documentos\miCarroUq\workspace\carrouq\src\main\resources
2023-03-28 22:01:21,858 [Worker-48: Building] INFO  o.e.m.c.i.embedder.EclipseLogger - Using 'UTF-8' encoding to copy filtered resources.
2023-03-28 22:01:21,858 [Worker-48: Building] INFO  o.e.m.c.i.embedder.EclipseLogger - skip non existing resourceDirectory C:\Users\juanp\OneDrive\Documentos\miCarroUq\workspace\carrouq\src\test\resources
2023-03-28 22:02:52,438 [Worker-48: Building] INFO  o.e.m.c.i.embedder.EclipseLogger - Using 'UTF-8' encoding to copy filtered resources.
2023-03-28 22:02:52,439 [Worker-48: Building] INFO  o.e.m.c.i.embedder.EclipseLogger - skip non existing resourceDirectory C:\Users\juanp\OneDrive\Documentos\miCarroUq\workspace\carrouq\src\main\resources
2023-03-28 22:02:52,440 [Worker-48: Building] INFO  o.e.m.c.i.embedder.EclipseLogger - Using 'UTF-8' encoding to copy filtered resources.
2023-03-28 22:02:52,440 [Worker-48: Building] INFO  o.e.m.c.i.embedder.EclipseLogger - skip non existing resourceDirectory C:\Users\juanp\OneDrive\Documentos\miCarroUq\workspace\carrouq\src\test\resources
2023-03-28 22:03:02,433 [Worker-55: Building] INFO  o.e.m.c.i.embedder.EclipseLogger - Using 'UTF-8' encoding to copy filtered resources.
2023-03-28 22:03:02,433 [Worker-55: Building] INFO  o.e.m.c.i.embedder.EclipseLogger - skip non existing resourceDirectory C:\Users\juanp\OneDrive\Documentos\miCarroUq\workspace\carrouq\src\main\resources
2023-03-28 22:03:02,434 [Worker-55: Building] INFO  o.e.m.c.i.embedder.EclipseLogger - Using 'UTF-8' encoding to copy filtered resources.
2023-03-28 22:03:02,434 [Worker-55: Building] INFO  o.e.m.c.i.embedder.EclipseLogger - skip non existing resourceDirectory C:\Users\juanp\OneDrive\Documentos\miCarroUq\workspace\carrouq\src\test\resources
2023-03-28 22:03:28,843 [Worker-53: Building] INFO  o.e.m.c.i.embedder.EclipseLogger - Using 'UTF-8' encoding to copy filtered resources.
2023-03-28 22:03:28,843 [Worker-53: Building] INFO  o.e.m.c.i.embedder.EclipseLogger - skip non existing resourceDirectory C:\Users\juanp\OneDrive\Documentos\miCarroUq\workspace\carrouq\src\main\resources
2023-03-28 22:03:28,844 [Worker-53: Building] INFO  o.e.m.c.i.embedder.EclipseLogger - Using 'UTF-8' encoding to copy filtered resources.
2023-03-28 22:03:28,844 [Worker-53: Building] INFO  o.e.m.c.i.embedder.EclipseLogger - skip non existing resourceDirectory C:\Users\juanp\OneDrive\Documentos\miCarroUq\workspace\carrouq\src\test\resources
2023-03-28 22:03:38,676 [Worker-55: Building] INFO  o.e.m.c.i.embedder.EclipseLogger - Using 'UTF-8' encoding to copy filtered resources.
2023-03-28 22:03:38,676 [Worker-55: Building] INFO  o.e.m.c.i.embedder.EclipseLogger - skip non existing resourceDirectory C:\Users\juanp\OneDrive\Documentos\miCarroUq\workspace\carrouq\src\main\resources
2023-03-28 22:03:38,677 [Worker-55: Building] INFO  o.e.m.c.i.embedder.EclipseLogger - Using 'UTF-8' encoding to copy filtered resources.
2023-03-28 22:03:38,677 [Worker-55: Building] INFO  o.e.m.c.i.embedder.EclipseLogger - skip non existing resourceDirectory C:\Users\juanp\OneDrive\Documentos\miCarroUq\workspace\carrouq\src\test\resources
2023-03-28 22:04:05,345 [Worker-53: Building] INFO  o.e.m.c.i.embedder.EclipseLogger - Using 'UTF-8' encoding to copy filtered resources.
2023-03-28 22:04:05,345 [Worker-53: Building] INFO  o.e.m.c.i.embedder.EclipseLogger - skip non existing resourceDirectory C:\Users\juanp\OneDrive\Documentos\miCarroUq\workspace\carrouq\src\main\resources
2023-03-28 22:04:05,346 [Worker-53: Building] INFO  o.e.m.c.i.embedder.EclipseLogger - Using 'UTF-8' encoding to copy filtered resources.
2023-03-28 22:04:05,346 [Worker-53: Building] INFO  o.e.m.c.i.embedder.EclipseLogger - skip non existing resourceDirectory C:\Users\juanp\OneDrive\Documentos\miCarroUq\workspace\carrouq\src\test\resources
2023-03-28 22:04:12,193 [Worker-57: Building] INFO  o.e.m.c.i.embedder.EclipseLogger - Using 'UTF-8' encoding to copy filtered resources.
2023-03-28 22:04:12,193 [Worker-57: Building] INFO  o.e.m.c.i.embedder.EclipseLogger - skip non existing resourceDirectory C:\Users\juanp\OneDrive\Documentos\miCarroUq\workspace\carrouq\src\main\resources
2023-03-28 22:04:12,194 [Worker-57: Building] INFO  o.e.m.c.i.embedder.EclipseLogger - Using 'UTF-8' encoding to copy filtered resources.
2023-03-28 22:04:12,194 [Worker-57: Building] INFO  o.e.m.c.i.embedder.EclipseLogger - skip non existing resourceDirectory C:\Users\juanp\OneDrive\Documentos\miCarroUq\workspace\carrouq\src\test\resources
2023-03-28 22:04:35,570 [Worker-54: Building] INFO  o.e.m.c.i.embedder.EclipseLogger - Using 'UTF-8' encoding to copy filtered resources.
2023-03-28 22:04:35,570 [Worker-54: Building] INFO  o.e.m.c.i.embedder.EclipseLogger - skip non existing resourceDirectory C:\Users\juanp\OneDrive\Documentos\miCarroUq\workspace\carrouq\src\main\resources
2023-03-28 22:04:35,571 [Worker-54: Building] INFO  o.e.m.c.i.embedder.EclipseLogger - Using 'UTF-8' encoding to copy filtered resources.
2023-03-28 22:04:35,571 [Worker-54: Building] INFO  o.e.m.c.i.embedder.EclipseLogger - skip non existing resourceDirectory C:\Users\juanp\OneDrive\Documentos\miCarroUq\workspace\carrouq\src\test\resources
2023-03-28 22:04:43,220 [Worker-54: Building] INFO  o.e.m.c.i.embedder.EclipseLogger - Using 'UTF-8' encoding to copy filtered resources.
2023-03-28 22:04:43,221 [Worker-54: Building] INFO  o.e.m.c.i.embedder.EclipseLogger - skip non existing resourceDirectory C:\Users\juanp\OneDrive\Documentos\miCarroUq\workspace\carrouq\src\main\resources
2023-03-28 22:04:43,222 [Worker-54: Building] INFO  o.e.m.c.i.embedder.EclipseLogger - Using 'UTF-8' encoding to copy filtered resources.
2023-03-28 22:04:43,222 [Worker-54: Building] INFO  o.e.m.c.i.embedder.EclipseLogger - skip non existing resourceDirectory C:\Users\juanp\OneDrive\Documentos\miCarroUq\workspace\carrouq\src\test\resources
2023-03-28 22:05:33,751 [Worker-57: Building] INFO  o.e.m.c.i.embedder.EclipseLogger - Using 'UTF-8' encoding to copy filtered resources.
2023-03-28 22:05:33,751 [Worker-57: Building] INFO  o.e.m.c.i.embedder.EclipseLogger - skip non existing resourceDirectory C:\Users\juanp\OneDrive\Documentos\miCarroUq\workspace\carrouq\src\main\resources
2023-03-28 22:05:33,752 [Worker-57: Building] INFO  o.e.m.c.i.embedder.EclipseLogger - Using 'UTF-8' encoding to copy filtered resources.
2023-03-28 22:05:33,752 [Worker-57: Building] INFO  o.e.m.c.i.embedder.EclipseLogger - skip non existing resourceDirectory C:\Users\juanp\OneDrive\Documentos\miCarroUq\workspace\carrouq\src\test\resources
2023-03-28 22:05:41,041 [Worker-48: Building] INFO  o.e.m.c.i.embedder.EclipseLogger - Using 'UTF-8' encoding to copy filtered resources.
2023-03-28 22:05:41,041 [Worker-48: Building] INFO  o.e.m.c.i.embedder.EclipseLogger - skip non existing resourceDirectory C:\Users\juanp\OneDrive\Documentos\miCarroUq\workspace\carrouq\src\main\resources
2023-03-28 22:05:41,042 [Worker-48: Building] INFO  o.e.m.c.i.embedder.EclipseLogger - Using 'UTF-8' encoding to copy filtered resources.
2023-03-28 22:05:41,042 [Worker-48: Building] INFO  o.e.m.c.i.embedder.EclipseLogger - skip non existing resourceDirectory C:\Users\juanp\OneDrive\Documentos\miCarroUq\workspace\carrouq\src\test\resources
2023-03-28 22:05:57,111 [Worker-54: Building] INFO  o.e.m.c.i.embedder.EclipseLogger - Using 'UTF-8' encoding to copy filtered resources.
2023-03-28 22:05:57,111 [Worker-54: Building] INFO  o.e.m.c.i.embedder.EclipseLogger - skip non existing resourceDirectory C:\Users\juanp\OneDrive\Documentos\miCarroUq\workspace\carrouq\src\main\resources
2023-03-28 22:05:57,112 [Worker-54: Building] INFO  o.e.m.c.i.embedder.EclipseLogger - Using 'UTF-8' encoding to copy filtered resources.
2023-03-28 22:05:57,112 [Worker-54: Building] INFO  o.e.m.c.i.embedder.EclipseLogger - skip non existing resourceDirectory C:\Users\juanp\OneDrive\Documentos\miCarroUq\workspace\carrouq\src\test\resources
2023-03-28 22:06:07,103 [Worker-57: Building] INFO  o.e.m.c.i.embedder.EclipseLogger - Using 'UTF-8' encoding to copy filtered resources.
2023-03-28 22:06:07,103 [Worker-57: Building] INFO  o.e.m.c.i.embedder.EclipseLogger - skip non existing resourceDirectory C:\Users\juanp\OneDrive\Documentos\miCarroUq\workspace\carrouq\src\main\resources
2023-03-28 22:06:07,104 [Worker-57: Building] INFO  o.e.m.c.i.embedder.EclipseLogger - Using 'UTF-8' encoding to copy filtered resources.
2023-03-28 22:06:07,104 [Worker-57: Building] INFO  o.e.m.c.i.embedder.EclipseLogger - skip non existing resourceDirectory C:\Users\juanp\OneDrive\Documentos\miCarroUq\workspace\carrouq\src\test\resources
2023-03-28 22:06:12,378 [Worker-53: Building] INFO  o.e.m.c.i.embedder.EclipseLogger - Using 'UTF-8' encoding to copy filtered resources.
2023-03-28 22:06:12,378 [Worker-53: Building] INFO  o.e.m.c.i.embedder.EclipseLogger - skip non existing resourceDirectory C:\Users\juanp\OneDrive\Documentos\miCarroUq\workspace\carrouq\src\main\resources
2023-03-28 22:06:12,379 [Worker-53: Building] INFO  o.e.m.c.i.embedder.EclipseLogger - Using 'UTF-8' encoding to copy filtered resources.
2023-03-28 22:06:12,379 [Worker-53: Building] INFO  o.e.m.c.i.embedder.EclipseLogger - skip non existing resourceDirectory C:\Users\juanp\OneDrive\Documentos\miCarroUq\workspace\carrouq\src\test\resources
2023-03-28 22:07:54,611 [Worker-54: Building] INFO  o.e.m.c.i.embedder.EclipseLogger - Using 'UTF-8' encoding to copy filtered resources.
2023-03-28 22:07:54,611 [Worker-54: Building] INFO  o.e.m.c.i.embedder.EclipseLogger - skip non existing resourceDirectory C:\Users\juanp\OneDrive\Documentos\miCarroUq\workspace\carrouq\src\main\resources
2023-03-28 22:07:54,612 [Worker-54: Building] INFO  o.e.m.c.i.embedder.EclipseLogger - Using 'UTF-8' encoding to copy filtered resources.
2023-03-28 22:07:54,612 [Worker-54: Building] INFO  o.e.m.c.i.embedder.EclipseLogger - skip non existing resourceDirectory C:\Users\juanp\OneDrive\Documentos\miCarroUq\workspace\carrouq\src\test\resources
2023-03-28 22:08:04,871 [Worker-48: Building] INFO  o.e.m.c.i.embedder.EclipseLogger - Using 'UTF-8' encoding to copy filtered resources.
2023-03-28 22:08:04,871 [Worker-48: Building] INFO  o.e.m.c.i.embedder.EclipseLogger - skip non existing resourceDirectory C:\Users\juanp\OneDrive\Documentos\miCarroUq\workspace\carrouq\src\main\resources
2023-03-28 22:08:04,872 [Worker-48: Building] INFO  o.e.m.c.i.embedder.EclipseLogger - Using 'UTF-8' encoding to copy filtered resources.
2023-03-28 22:08:04,872 [Worker-48: Building] INFO  o.e.m.c.i.embedder.EclipseLogger - skip non existing resourceDirectory C:\Users\juanp\OneDrive\Documentos\miCarroUq\workspace\carrouq\src\test\resources
2023-03-28 22:08:34,017 [Worker-48: Building] INFO  o.e.m.c.i.embedder.EclipseLogger - Using 'UTF-8' encoding to copy filtered resources.
2023-03-28 22:08:34,017 [Worker-48: Building] INFO  o.e.m.c.i.embedder.EclipseLogger - skip non existing resourceDirectory C:\Users\juanp\OneDrive\Documentos\miCarroUq\workspace\carrouq\src\main\resources
2023-03-28 22:08:34,018 [Worker-48: Building] INFO  o.e.m.c.i.embedder.EclipseLogger - Using 'UTF-8' encoding to copy filtered resources.
2023-03-28 22:08:34,018 [Worker-48: Building] INFO  o.e.m.c.i.embedder.EclipseLogger - skip non existing resourceDirectory C:\Users\juanp\OneDrive\Documentos\miCarroUq\workspace\carrouq\src\test\resources
2023-03-28 22:08:46,863 [Worker-48: Building] INFO  o.e.m.c.i.embedder.EclipseLogger - Using 'UTF-8' encoding to copy filtered resources.
2023-03-28 22:08:46,863 [Worker-48: Building] INFO  o.e.m.c.i.embedder.EclipseLogger - skip non existing resourceDirectory C:\Users\juanp\OneDrive\Documentos\miCarroUq\workspace\carrouq\src\main\resources
2023-03-28 22:08:46,864 [Worker-48: Building] INFO  o.e.m.c.i.embedder.EclipseLogger - Using 'UTF-8' encoding to copy filtered resources.
2023-03-28 22:08:46,864 [Worker-48: Building] INFO  o.e.m.c.i.embedder.EclipseLogger - skip non existing resourceDirectory C:\Users\juanp\OneDrive\Documentos\miCarroUq\workspace\carrouq\src\test\resources
2023-03-28 22:15:00,957 [Worker-60: Building] INFO  o.e.m.c.i.embedder.EclipseLogger - Using 'UTF-8' encoding to copy filtered resources.
2023-03-28 22:15:00,957 [Worker-60: Building] INFO  o.e.m.c.i.embedder.EclipseLogger - skip non existing resourceDirectory C:\Users\juanp\OneDrive\Documentos\miCarroUq\workspace\carrouq\src\main\resources
2023-03-28 22:15:00,958 [Worker-60: Building] INFO  o.e.m.c.i.embedder.EclipseLogger - Using 'UTF-8' encoding to copy filtered resources.
2023-03-28 22:15:00,958 [Worker-60: Building] INFO  o.e.m.c.i.embedder.EclipseLogger - skip non existing resourceDirectory C:\Users\juanp\OneDrive\Documentos\miCarroUq\workspace\carrouq\src\test\resources
2023-03-28 22:15:11,852 [Worker-62: Building] INFO  o.e.m.c.i.embedder.EclipseLogger - Using 'UTF-8' encoding to copy filtered resources.
2023-03-28 22:15:11,852 [Worker-62: Building] INFO  o.e.m.c.i.embedder.EclipseLogger - skip non existing resourceDirectory C:\Users\juanp\OneDrive\Documentos\miCarroUq\workspace\carrouq\src\main\resources
2023-03-28 22:15:11,854 [Worker-62: Building] INFO  o.e.m.c.i.embedder.EclipseLogger - Using 'UTF-8' encoding to copy filtered resources.
2023-03-28 22:15:11,854 [Worker-62: Building] INFO  o.e.m.c.i.embedder.EclipseLogger - skip non existing resourceDirectory C:\Users\juanp\OneDrive\Documentos\miCarroUq\workspace\carrouq\src\test\resources
2023-03-28 22:15:19,765 [Worker-61: Building] INFO  o.e.m.c.i.embedder.EclipseLogger - Using 'UTF-8' encoding to copy filtered resources.
2023-03-28 22:15:19,765 [Worker-61: Building] INFO  o.e.m.c.i.embedder.EclipseLogger - skip non existing resourceDirectory C:\Users\juanp\OneDrive\Documentos\miCarroUq\workspace\carrouq\src\main\resources
2023-03-28 22:15:19,766 [Worker-61: Building] INFO  o.e.m.c.i.embedder.EclipseLogger - Using 'UTF-8' encoding to copy filtered resources.
2023-03-28 22:15:19,766 [Worker-61: Building] INFO  o.e.m.c.i.embedder.EclipseLogger - skip non existing resourceDirectory C:\Users\juanp\OneDrive\Documentos\miCarroUq\workspace\carrouq\src\test\resources
2023-03-28 22:15:28,663 [Worker-60: Building] INFO  o.e.m.c.i.embedder.EclipseLogger - Using 'UTF-8' encoding to copy filtered resources.
2023-03-28 22:15:28,664 [Worker-60: Building] INFO  o.e.m.c.i.embedder.EclipseLogger - skip non existing resourceDirectory C:\Users\juanp\OneDrive\Documentos\miCarroUq\workspace\carrouq\src\main\resources
2023-03-28 22:15:28,665 [Worker-60: Building] INFO  o.e.m.c.i.embedder.EclipseLogger - Using 'UTF-8' encoding to copy filtered resources.
2023-03-28 22:15:28,665 [Worker-60: Building] INFO  o.e.m.c.i.embedder.EclipseLogger - skip non existing resourceDirectory C:\Users\juanp\OneDrive\Documentos\miCarroUq\workspace\carrouq\src\test\resources
2023-03-28 22:15:37,767 [Worker-61: Building] INFO  o.e.m.c.i.embedder.EclipseLogger - Using 'UTF-8' encoding to copy filtered resources.
2023-03-28 22:15:37,768 [Worker-61: Building] INFO  o.e.m.c.i.embedder.EclipseLogger - skip non existing resourceDirectory C:\Users\juanp\OneDrive\Documentos\miCarroUq\workspace\carrouq\src\main\resources
2023-03-28 22:15:37,768 [Worker-61: Building] INFO  o.e.m.c.i.embedder.EclipseLogger - Using 'UTF-8' encoding to copy filtered resources.
2023-03-28 22:15:37,768 [Worker-61: Building] INFO  o.e.m.c.i.embedder.EclipseLogger - skip non existing resourceDirectory C:\Users\juanp\OneDrive\Documentos\miCarroUq\workspace\carrouq\src\test\resources
2023-03-28 22:15:48,130 [Worker-48: Building] INFO  o.e.m.c.i.embedder.EclipseLogger - Using 'UTF-8' encoding to copy filtered resources.
2023-03-28 22:15:48,130 [Worker-48: Building] INFO  o.e.m.c.i.embedder.EclipseLogger - skip non existing resourceDirectory C:\Users\juanp\OneDrive\Documentos\miCarroUq\workspace\carrouq\src\main\resources
2023-03-28 22:15:48,131 [Worker-48: Building] INFO  o.e.m.c.i.embedder.EclipseLogger - Using 'UTF-8' encoding to copy filtered resources.
2023-03-28 22:15:48,131 [Worker-48: Building] INFO  o.e.m.c.i.embedder.EclipseLogger - skip non existing resourceDirectory C:\Users\juanp\OneDrive\Documentos\miCarroUq\workspace\carrouq\src\test\resources
2023-03-28 22:16:53,258 [Worker-61: Building] INFO  o.e.m.c.i.embedder.EclipseLogger - Using 'UTF-8' encoding to copy filtered resources.
2023-03-28 22:16:53,259 [Worker-61: Building] INFO  o.e.m.c.i.embedder.EclipseLogger - skip non existing resourceDirectory C:\Users\juanp\OneDrive\Documentos\miCarroUq\workspace\carrouq\src\main\resources
2023-03-28 22:16:53,260 [Worker-61: Building] INFO  o.e.m.c.i.embedder.EclipseLogger - Using 'UTF-8' encoding to copy filtered resources.
2023-03-28 22:16:53,260 [Worker-61: Building] INFO  o.e.m.c.i.embedder.EclipseLogger - skip non existing resourceDirectory C:\Users\juanp\OneDrive\Documentos\miCarroUq\workspace\carrouq\src\test\resources
2023-03-28 22:17:07,752 [Worker-48: Building] INFO  o.e.m.c.i.embedder.EclipseLogger - Using 'UTF-8' encoding to copy filtered resources.
2023-03-28 22:17:07,752 [Worker-48: Building] INFO  o.e.m.c.i.embedder.EclipseLogger - skip non existing resourceDirectory C:\Users\juanp\OneDrive\Documentos\miCarroUq\workspace\carrouq\src\main\resources
2023-03-28 22:17:07,753 [Worker-48: Building] INFO  o.e.m.c.i.embedder.EclipseLogger - Using 'UTF-8' encoding to copy filtered resources.
2023-03-28 22:17:07,753 [Worker-48: Building] INFO  o.e.m.c.i.embedder.EclipseLogger - skip non existing resourceDirectory C:\Users\juanp\OneDrive\Documentos\miCarroUq\workspace\carrouq\src\test\resources
2023-03-28 22:17:24,062 [Worker-62: Building] INFO  o.e.m.c.i.embedder.EclipseLogger - Using 'UTF-8' encoding to copy filtered resources.
2023-03-28 22:17:24,062 [Worker-62: Building] INFO  o.e.m.c.i.embedder.EclipseLogger - skip non existing resourceDirectory C:\Users\juanp\OneDrive\Documentos\miCarroUq\workspace\carrouq\src\main\resources
2023-03-28 22:17:24,063 [Worker-62: Building] INFO  o.e.m.c.i.embedder.EclipseLogger - Using 'UTF-8' encoding to copy filtered resources.
2023-03-28 22:17:24,063 [Worker-62: Building] INFO  o.e.m.c.i.embedder.EclipseLogger - skip non existing resourceDirectory C:\Users\juanp\OneDrive\Documentos\miCarroUq\workspace\carrouq\src\test\resources
2023-03-28 22:17:34,463 [Worker-60: Building] INFO  o.e.m.c.i.embedder.EclipseLogger - Using 'UTF-8' encoding to copy filtered resources.
2023-03-28 22:17:34,463 [Worker-60: Building] INFO  o.e.m.c.i.embedder.EclipseLogger - skip non existing resourceDirectory C:\Users\juanp\OneDrive\Documentos\miCarroUq\workspace\carrouq\src\main\resources
2023-03-28 22:17:34,464 [Worker-60: Building] INFO  o.e.m.c.i.embedder.EclipseLogger - Using 'UTF-8' encoding to copy filtered resources.
2023-03-28 22:17:34,464 [Worker-60: Building] INFO  o.e.m.c.i.embedder.EclipseLogger - skip non existing resourceDirectory C:\Users\juanp\OneDrive\Documentos\miCarroUq\workspace\carrouq\src\test\resources
2023-03-28 22:17:49,724 [Worker-62: Building] INFO  o.e.m.c.i.embedder.EclipseLogger - Using 'UTF-8' encoding to copy filtered resources.
2023-03-28 22:17:49,724 [Worker-62: Building] INFO  o.e.m.c.i.embedder.EclipseLogger - skip non existing resourceDirectory C:\Users\juanp\OneDrive\Documentos\miCarroUq\workspace\carrouq\src\main\resources
2023-03-28 22:17:49,725 [Worker-62: Building] INFO  o.e.m.c.i.embedder.EclipseLogger - Using 'UTF-8' encoding to copy filtered resources.
2023-03-28 22:17:49,725 [Worker-62: Building] INFO  o.e.m.c.i.embedder.EclipseLogger - skip non existing resourceDirectory C:\Users\juanp\OneDrive\Documentos\miCarroUq\workspace\carrouq\src\test\resources
2023-03-28 22:17:55,984 [Worker-62: Building] INFO  o.e.m.c.i.embedder.EclipseLogger - Using 'UTF-8' encoding to copy filtered resources.
2023-03-28 22:17:55,984 [Worker-62: Building] INFO  o.e.m.c.i.embedder.EclipseLogger - skip non existing resourceDirectory C:\Users\juanp\OneDrive\Documentos\miCarroUq\workspace\carrouq\src\main\resources
2023-03-28 22:17:55,985 [Worker-62: Building] INFO  o.e.m.c.i.embedder.EclipseLogger - Using 'UTF-8' encoding to copy filtered resources.
2023-03-28 22:17:55,985 [Worker-62: Building] INFO  o.e.m.c.i.embedder.EclipseLogger - skip non existing resourceDirectory C:\Users\juanp\OneDrive\Documentos\miCarroUq\workspace\carrouq\src\test\resources
2023-03-28 22:18:02,778 [Worker-48: Building] INFO  o.e.m.c.i.embedder.EclipseLogger - Using 'UTF-8' encoding to copy filtered resources.
2023-03-28 22:18:02,779 [Worker-48: Building] INFO  o.e.m.c.i.embedder.EclipseLogger - skip non existing resourceDirectory C:\Users\juanp\OneDrive\Documentos\miCarroUq\workspace\carrouq\src\main\resources
2023-03-28 22:18:02,779 [Worker-48: Building] INFO  o.e.m.c.i.embedder.EclipseLogger - Using 'UTF-8' encoding to copy filtered resources.
2023-03-28 22:18:02,780 [Worker-48: Building] INFO  o.e.m.c.i.embedder.EclipseLogger - skip non existing resourceDirectory C:\Users\juanp\OneDrive\Documentos\miCarroUq\workspace\carrouq\src\test\resources
2023-03-28 22:18:48,815 [Worker-61: Building] INFO  o.e.m.c.i.embedder.EclipseLogger - Using 'UTF-8' encoding to copy filtered resources.
2023-03-28 22:18:48,816 [Worker-61: Building] INFO  o.e.m.c.i.embedder.EclipseLogger - skip non existing resourceDirectory C:\Users\juanp\OneDrive\Documentos\miCarroUq\workspace\carrouq\src\main\resources
2023-03-28 22:18:48,817 [Worker-61: Building] INFO  o.e.m.c.i.embedder.EclipseLogger - Using 'UTF-8' encoding to copy filtered resources.
2023-03-28 22:18:48,817 [Worker-61: Building] INFO  o.e.m.c.i.embedder.EclipseLogger - skip non existing resourceDirectory C:\Users\juanp\OneDrive\Documentos\miCarroUq\workspace\carrouq\src\test\resources
2023-03-28 22:18:59,289 [Worker-48: Building] INFO  o.e.m.c.i.embedder.EclipseLogger - Using 'UTF-8' encoding to copy filtered resources.
2023-03-28 22:18:59,289 [Worker-48: Building] INFO  o.e.m.c.i.embedder.EclipseLogger - skip non existing resourceDirectory C:\Users\juanp\OneDrive\Documentos\miCarroUq\workspace\carrouq\src\main\resources
2023-03-28 22:18:59,290 [Worker-48: Building] INFO  o.e.m.c.i.embedder.EclipseLogger - Using 'UTF-8' encoding to copy filtered resources.
2023-03-28 22:18:59,290 [Worker-48: Building] INFO  o.e.m.c.i.embedder.EclipseLogger - skip non existing resourceDirectory C:\Users\juanp\OneDrive\Documentos\miCarroUq\workspace\carrouq\src\test\resources
2023-03-28 22:19:19,448 [Worker-60: Building] INFO  o.e.m.c.i.embedder.EclipseLogger - Using 'UTF-8' encoding to copy filtered resources.
2023-03-28 22:19:19,448 [Worker-60: Building] INFO  o.e.m.c.i.embedder.EclipseLogger - skip non existing resourceDirectory C:\Users\juanp\OneDrive\Documentos\miCarroUq\workspace\carrouq\src\main\resources
2023-03-28 22:19:19,449 [Worker-60: Building] INFO  o.e.m.c.i.embedder.EclipseLogger - Using 'UTF-8' encoding to copy filtered resources.
2023-03-28 22:19:19,449 [Worker-60: Building] INFO  o.e.m.c.i.embedder.EclipseLogger - skip non existing resourceDirectory C:\Users\juanp\OneDrive\Documentos\miCarroUq\workspace\carrouq\src\test\resources
2023-03-28 22:19:25,150 [Worker-48: Building] INFO  o.e.m.c.i.embedder.EclipseLogger - Using 'UTF-8' encoding to copy filtered resources.
2023-03-28 22:19:25,150 [Worker-48: Building] INFO  o.e.m.c.i.embedder.EclipseLogger - skip non existing resourceDirectory C:\Users\juanp\OneDrive\Documentos\miCarroUq\workspace\carrouq\src\main\resources
2023-03-28 22:19:25,151 [Worker-48: Building] INFO  o.e.m.c.i.embedder.EclipseLogger - Using 'UTF-8' encoding to copy filtered resources.
2023-03-28 22:19:25,151 [Worker-48: Building] INFO  o.e.m.c.i.embedder.EclipseLogger - skip non existing resourceDirectory C:\Users\juanp\OneDrive\Documentos\miCarroUq\workspace\carrouq\src\test\resources
2023-03-28 22:19:32,326 [Worker-62: Building] INFO  o.e.m.c.i.embedder.EclipseLogger - Using 'UTF-8' encoding to copy filtered resources.
2023-03-28 22:19:32,327 [Worker-62: Building] INFO  o.e.m.c.i.embedder.EclipseLogger - skip non existing resourceDirectory C:\Users\juanp\OneDrive\Documentos\miCarroUq\workspace\carrouq\src\main\resources
2023-03-28 22:19:32,327 [Worker-62: Building] INFO  o.e.m.c.i.embedder.EclipseLogger - Using 'UTF-8' encoding to copy filtered resources.
2023-03-28 22:19:32,327 [Worker-62: Building] INFO  o.e.m.c.i.embedder.EclipseLogger - skip non existing resourceDirectory C:\Users\juanp\OneDrive\Documentos\miCarroUq\workspace\carrouq\src\test\resources
2023-03-28 22:19:38,226 [Worker-60: Building] INFO  o.e.m.c.i.embedder.EclipseLogger - Using 'UTF-8' encoding to copy filtered resources.
2023-03-28 22:19:38,226 [Worker-60: Building] INFO  o.e.m.c.i.embedder.EclipseLogger - skip non existing resourceDirectory C:\Users\juanp\OneDrive\Documentos\miCarroUq\workspace\carrouq\src\main\resources
2023-03-28 22:19:38,227 [Worker-60: Building] INFO  o.e.m.c.i.embedder.EclipseLogger - Using 'UTF-8' encoding to copy filtered resources.
2023-03-28 22:19:38,228 [Worker-60: Building] INFO  o.e.m.c.i.embedder.EclipseLogger - skip non existing resourceDirectory C:\Users\juanp\OneDrive\Documentos\miCarroUq\workspace\carrouq\src\test\resources
2023-03-28 22:19:43,594 [Worker-62: Building] INFO  o.e.m.c.i.embedder.EclipseLogger - Using 'UTF-8' encoding to copy filtered resources.
2023-03-28 22:19:43,595 [Worker-62: Building] INFO  o.e.m.c.i.embedder.EclipseLogger - skip non existing resourceDirectory C:\Users\juanp\OneDrive\Documentos\miCarroUq\workspace\carrouq\src\main\resources
2023-03-28 22:19:43,595 [Worker-62: Building] INFO  o.e.m.c.i.embedder.EclipseLogger - Using 'UTF-8' encoding to copy filtered resources.
2023-03-28 22:19:43,595 [Worker-62: Building] INFO  o.e.m.c.i.embedder.EclipseLogger - skip non existing resourceDirectory C:\Users\juanp\OneDrive\Documentos\miCarroUq\workspace\carrouq\src\test\resources
2023-03-28 22:19:49,372 [Worker-62: Building] INFO  o.e.m.c.i.embedder.EclipseLogger - Using 'UTF-8' encoding to copy filtered resources.
2023-03-28 22:19:49,372 [Worker-62: Building] INFO  o.e.m.c.i.embedder.EclipseLogger - skip non existing resourceDirectory C:\Users\juanp\OneDrive\Documentos\miCarroUq\workspace\carrouq\src\main\resources
2023-03-28 22:19:49,373 [Worker-62: Building] INFO  o.e.m.c.i.embedder.EclipseLogger - Using 'UTF-8' encoding to copy filtered resources.
2023-03-28 22:19:49,373 [Worker-62: Building] INFO  o.e.m.c.i.embedder.EclipseLogger - skip non existing resourceDirectory C:\Users\juanp\OneDrive\Documentos\miCarroUq\workspace\carrouq\src\test\resources
2023-03-28 22:20:03,294 [Worker-60: Building] INFO  o.e.m.c.i.embedder.EclipseLogger - Using 'UTF-8' encoding to copy filtered resources.
2023-03-28 22:20:03,294 [Worker-60: Building] INFO  o.e.m.c.i.embedder.EclipseLogger - skip non existing resourceDirectory C:\Users\juanp\OneDrive\Documentos\miCarroUq\workspace\carrouq\src\main\resources
2023-03-28 22:20:03,295 [Worker-60: Building] INFO  o.e.m.c.i.embedder.EclipseLogger - Using 'UTF-8' encoding to copy filtered resources.
2023-03-28 22:20:03,295 [Worker-60: Building] INFO  o.e.m.c.i.embedder.EclipseLogger - skip non existing resourceDirectory C:\Users\juanp\OneDrive\Documentos\miCarroUq\workspace\carrouq\src\test\resources
2023-03-28 22:20:08,594 [Worker-61: Building] INFO  o.e.m.c.i.embedder.EclipseLogger - Using 'UTF-8' encoding to copy filtered resources.
2023-03-28 22:20:08,594 [Worker-61: Building] INFO  o.e.m.c.i.embedder.EclipseLogger - skip non existing resourceDirectory C:\Users\juanp\OneDrive\Documentos\miCarroUq\workspace\carrouq\src\main\resources
2023-03-28 22:20:08,595 [Worker-61: Building] INFO  o.e.m.c.i.embedder.EclipseLogger - Using 'UTF-8' encoding to copy filtered resources.
2023-03-28 22:20:08,595 [Worker-61: Building] INFO  o.e.m.c.i.embedder.EclipseLogger - skip non existing resourceDirectory C:\Users\juanp\OneDrive\Documentos\miCarroUq\workspace\carrouq\src\test\resources
